#
# A fatal error has been detected by the Java Runtime Environment:
#
#  EXCEPTION_ACCESS_VIOLATION (0xc0000005) at pc=0x000000007106f435, pid=37632, tid=0x0000000000006b10
#
# JRE version: Java(TM) SE Runtime Environment (8.0_241-b07) (build 1.8.0_241-b07)
# Java VM: Java HotSpot(TM) 64-Bit Server VM (25.241-b07 mixed mode windows-amd64 compressed oops)
# Problematic frame:
# V  [jvm.dll+0xff435]
#
# Failed to write core dump. Minidumps are not enabled by default on client versions of Windows
#
# If you would like to submit a bug report, please visit:
#   http://bugreport.java.com/bugreport/crash.jsp
#

---------------  T H R E A D  ---------------

Current thread (0x00000000173d9800):  VMThread [stack: 0x00000000190d0000,0x00000000191d0000] [id=27408]

siginfo: ExceptionCode=0xc0000005, reading address 0x0000000000000008

Registers:
RAX=0x0000000000000000, RBX=0x00000000170bdae8, RCX=0x0000000000000000, RDX=0x0000000000000238
RSP=0x00000000191cf220, RBP=0x0000000000000000, RSI=0x000000007178bee0, RDI=0x00000000191cf500
R8 =0x0000000000000000, R9 =0x00000000170bdae8, R10=0x0000000000000db4, R11=0x00000000170be488
R12=0x0000000000000001, R13=0x0000000000000001, R14=0x00000000000003d8, R15=0x00000000191cf320
RIP=0x000000007106f435, EFLAGS=0x0000000000010202

Top of Stack: (sp=0x00000000191cf220)
0x00000000191cf220:   00000000022ff8c8 00000000024308da
0x00000000191cf230:   0000f495687daed2 000000007102261e
0x00000000191cf240:   00000000023dd920 000000007106f8b6
0x00000000191cf250:   00000000191cf500 00000000191cf370
0x00000000191cf260:   0000f495687dadf2 000000007106fa45
0x00000000191cf270:   00000000191cf330 0000000000000001
0x00000000191cf280:   00000000191cf340 00000000191cf500
0x00000000191cf290:   00000000191cf370 0000000071072660
0x00000000191cf2a0:   0000000000000000 0000000000000000
0x00000000191cf2b0:   00000000191cf340 000000007106f8cf
0x00000000191cf2c0:   0000000000000000 00000000191cf370
0x00000000191cf2d0:   00000000191cf330 0000000000000019
0x00000000191cf2e0:   00000000170be4d8 00000000710731bf
0x00000000191cf2f0:   00000000191cf500 00000000191cf370
0x00000000191cf300:   00000000023dd920 00000000170be4d8
0x00000000191cf310:   0000000000000001 0000000000000000 

Instructions: (pc=0x000000007106f435)
0x000000007106f415:   8b d2 e8 54 7f ff ff 48 8b cb 8b d0 e8 5a 78 ff
0x000000007106f425:   ff 48 8d 35 b3 ca 71 00 48 63 c8 48 8b 44 cb 50
0x000000007106f435:   0f b6 48 08 8b 05 85 ca 71 00 80 f9 4c 74 2b 80
0x000000007106f445:   f9 5b 74 26 80 f9 4a 74 18 80 f9 44 74 13 48 8d 


Register to memory mapping:

RAX=0x0000000000000000 is an unknown value
RBX=0x00000000170bdae8 is pointing into metadata
RCX=0x0000000000000000 is an unknown value
RDX=0x0000000000000238 is an unknown value
RSP=0x00000000191cf220 is an unknown value
RBP=0x0000000000000000 is an unknown value
RSI=0x000000007178bee0 is an unknown value
RDI=0x00000000191cf500 is an unknown value
R8 =0x0000000000000000 is an unknown value
R9 =0x00000000170bdae8 is pointing into metadata
R10=0x0000000000000db4 is an unknown value
R11=0x00000000170be488 is pointing into metadata
R12=0x0000000000000001 is an unknown value
R13=0x0000000000000001 is an unknown value
R14=0x00000000000003d8 is an unknown value
R15=0x00000000191cf320 is an unknown value


Stack: [0x00000000190d0000,0x00000000191d0000],  sp=0x00000000191cf220,  free space=1020k
Native frames: (J=compiled Java code, j=interpreted, Vv=VM code, C=native code)

VM_Operation (0x0000000019f0f000): GetOrSetLocal, mode: safepoint, requested by thread 0x0000000019211000


---------------  P R O C E S S  ---------------

Java Threads: ( => current thread )
  0x000000001b942000 JavaThread "Okio Watchdog" daemon [_thread_blocked, id=33020, stack(0x000000001cfe0000,0x000000001d0e0000)]
  0x000000001b878800 JavaThread "OkHttp ConnectionPool" daemon [_thread_blocked, id=17204, stack(0x000000001cee0000,0x000000001cfe0000)]
  0x000000001ae4a800 JavaThread "Exec Stream Pumper" daemon [_thread_in_native, id=31456, stack(0x000000001c9e0000,0x000000001cae0000)]
  0x000000001ae47000 JavaThread "Exec Stream Pumper" daemon [_thread_in_native, id=19800, stack(0x000000001c8e0000,0x000000001c9e0000)]
  0x000000001ae46800 JavaThread "Exec Default Executor" daemon [_thread_in_native, id=36960, stack(0x000000001c6e0000,0x000000001c7e0000)]
  0x000000001aa4d800 JavaThread "ReaderThread" [_thread_in_native, id=30276, stack(0x000000001b010000,0x000000001b110000)]
  0x0000000019279800 JavaThread "Service Thread" daemon [_thread_blocked, id=30272, stack(0x000000001a510000,0x000000001a610000)]
  0x0000000019245800 JavaThread "C1 CompilerThread3" daemon [_thread_blocked, id=22904, stack(0x000000001a410000,0x000000001a510000)]
  0x0000000019245000 JavaThread "C2 CompilerThread2" daemon [_thread_blocked, id=38176, stack(0x000000001a310000,0x000000001a410000)]
  0x0000000019240000 JavaThread "C2 CompilerThread1" daemon [_thread_blocked, id=24320, stack(0x000000001a210000,0x000000001a310000)]
  0x000000001922e000 JavaThread "C2 CompilerThread0" daemon [_thread_blocked, id=34936, stack(0x000000001a110000,0x000000001a210000)]
  0x000000001921e800 JavaThread "JDWP Command Reader" daemon [_thread_in_native, id=1824, stack(0x000000001a010000,0x000000001a110000)]
  0x000000001921d000 JavaThread "JDWP Event Helper Thread" daemon [_thread_blocked, id=32136, stack(0x0000000019f10000,0x000000001a010000)]
  0x0000000019211000 JavaThread "JDWP Transport Listener: dt_socket" daemon [_thread_blocked, id=31464, stack(0x0000000019e10000,0x0000000019f10000)]
  0x00000000191fe000 JavaThread "Attach Listener" daemon [_thread_blocked, id=14564, stack(0x00000000199d0000,0x0000000019ad0000)]
  0x00000000191fd000 JavaThread "Signal Dispatcher" daemon [_thread_blocked, id=912, stack(0x00000000198d0000,0x00000000199d0000)]
  0x000000000242d000 JavaThread "Finalizer" daemon [_thread_blocked, id=36576, stack(0x00000000196d0000,0x00000000197d0000)]
  0x00000000191f0800 JavaThread "Reference Handler" daemon [_thread_blocked, id=2196, stack(0x00000000195d0000,0x00000000196d0000)]
  0x0000000002334800 JavaThread "main" [_thread_blocked, id=20388, stack(0x0000000002200000,0x0000000002300000)]

Other Threads:
=>0x00000000173d9800 VMThread [stack: 0x00000000190d0000,0x00000000191d0000] [id=27408]
  0x000000001927e000 WatcherThread [stack: 0x000000001a610000,0x000000001a710000] [id=38268]

VM state:at safepoint (normal execution)

VM Mutex/Monitor currently owned by a thread:  ([mutex/lock_event])
[0x00000000023318d0] Threads_lock - owner thread: 0x00000000173d9800

heap address: 0x0000000081c00000, size: 2020 MB, Compressed Oops mode: 32-bit
Narrow klass base: 0x0000000000000000, Narrow klass shift: 3
Compressed class space size: 1073741824 Address: 0x0000000100000000

Heap:
 PSYoungGen      total 38400K, used 20096K [0x00000000d5f00000, 0x00000000d8980000, 0x0000000100000000)
  eden space 33280K, 60% used [0x00000000d5f00000,0x00000000d72a0258,0x00000000d7f80000)
  from space 5120K, 0% used [0x00000000d7f80000,0x00000000d7f80000,0x00000000d8480000)
  to   space 5120K, 0% used [0x00000000d8480000,0x00000000d8480000,0x00000000d8980000)
 ParOldGen       total 43008K, used 6666K [0x0000000081c00000, 0x0000000084600000, 0x00000000d5f00000)
  object space 43008K, 15% used [0x0000000081c00000,0x0000000082282ae0,0x0000000084600000)
 Metaspace       used 22843K, capacity 23648K, committed 23808K, reserved 1071104K
  class space    used 2836K, capacity 3066K, committed 3072K, reserved 1048576K

Card table byte_map: [0x00000000117f0000,0x0000000011bf0000] byte_map_base: 0x00000000113e2000

Marking Bits: (ParMarkBitMap*) 0x000000007179be30
 Begin Bits: [0x00000000126a0000, 0x0000000014630000)
 End Bits:   [0x0000000014630000, 0x00000000165c0000)

Polling page: 0x00000000021d0000

CodeCache: size=245760Kb used=7482Kb max_used=7482Kb free=238277Kb
 bounds [0x0000000002430000, 0x0000000002b90000, 0x0000000011430000]
 total_blobs=2630 nmethods=2182 adapters=368
 compilation: enabled

Compilation events (10 events):
Event: 26.545 Thread 0x0000000019245800 2189       1       java.lang.invoke.InnerClassLambdaMetafactory::access$000 (5 bytes)
Event: 26.545 Thread 0x0000000019245800 nmethod 2189 0x0000000002b7e310 code [0x0000000002b7e460, 0x0000000002b7e550]
Event: 26.545 Thread 0x0000000019245800 2190       1       java.lang.invoke.InnerClassLambdaMetafactory::access$400 (5 bytes)
Event: 26.545 Thread 0x0000000019245800 nmethod 2190 0x0000000002b7e5d0 code [0x0000000002b7e720, 0x0000000002b7e810]
Event: 26.546 Thread 0x0000000019245800 2191       3       org.testng.shaded.com.google.gson.internal.Excluder::excludeClass (129 bytes)
Event: 26.548 Thread 0x0000000019245800 nmethod 2191 0x0000000002b7ec50 code [0x0000000002b7f0c0, 0x0000000002b81aa8]
Event: 26.548 Thread 0x0000000019245800 2194       3       java.lang.reflect.Field::getFieldAccessor (35 bytes)
Event: 26.548 Thread 0x0000000019245800 nmethod 2194 0x0000000002b82f10 code [0x0000000002b83080, 0x0000000002b832c8]
Event: 26.548 Thread 0x0000000019245800 2193       3       java.lang.reflect.Modifier::isSynthetic (14 bytes)
Event: 26.548 Thread 0x0000000019245800 nmethod 2193 0x0000000002b83350 code [0x0000000002b834a0, 0x0000000002b83630]

GC Heap History (8 events):
Event: 1.023 GC heap before
{Heap before GC invocations=1 (full 0):
 PSYoungGen      total 38400K, used 33280K [0x00000000d5f00000, 0x00000000d8980000, 0x0000000100000000)
  eden space 33280K, 100% used [0x00000000d5f00000,0x00000000d7f80000,0x00000000d7f80000)
  from space 5120K, 0% used [0x00000000d8480000,0x00000000d8480000,0x00000000d8980000)
  to   space 5120K, 0% used [0x00000000d7f80000,0x00000000d7f80000,0x00000000d8480000)
 ParOldGen       total 87552K, used 0K [0x0000000081c00000, 0x0000000087180000, 0x00000000d5f00000)
  object space 87552K, 0% used [0x0000000081c00000,0x0000000081c00000,0x0000000087180000)
 Metaspace       used 13563K, capacity 13906K, committed 14080K, reserved 1060864K
  class space    used 1579K, capacity 1713K, committed 1792K, reserved 1048576K
Event: 1.028 GC heap after
Heap after GC invocations=1 (full 0):
 PSYoungGen      total 38400K, used 5089K [0x00000000d5f00000, 0x00000000d8980000, 0x0000000100000000)
  eden space 33280K, 0% used [0x00000000d5f00000,0x00000000d5f00000,0x00000000d7f80000)
  from space 5120K, 99% used [0x00000000d7f80000,0x00000000d84784a8,0x00000000d8480000)
  to   space 5120K, 0% used [0x00000000d8480000,0x00000000d8480000,0x00000000d8980000)
 ParOldGen       total 87552K, used 1925K [0x0000000081c00000, 0x0000000087180000, 0x00000000d5f00000)
  object space 87552K, 2% used [0x0000000081c00000,0x0000000081de1758,0x0000000087180000)
 Metaspace       used 13563K, capacity 13906K, committed 14080K, reserved 1060864K
  class space    used 1579K, capacity 1713K, committed 1792K, reserved 1048576K
}
Event: 21.096 GC heap before
{Heap before GC invocations=2 (full 0):
 PSYoungGen      total 38400K, used 38369K [0x00000000d5f00000, 0x00000000d8980000, 0x0000000100000000)
  eden space 33280K, 100% used [0x00000000d5f00000,0x00000000d7f80000,0x00000000d7f80000)
  from space 5120K, 99% used [0x00000000d7f80000,0x00000000d84784a8,0x00000000d8480000)
  to   space 5120K, 0% used [0x00000000d8480000,0x00000000d8480000,0x00000000d8980000)
 ParOldGen       total 87552K, used 1925K [0x0000000081c00000, 0x0000000087180000, 0x00000000d5f00000)
  object space 87552K, 2% used [0x0000000081c00000,0x0000000081de1758,0x0000000087180000)
 Metaspace       used 18130K, capacity 18950K, committed 19200K, reserved 1067008K
  class space    used 2241K, capacity 2485K, committed 2560K, reserved 1048576K
Event: 21.103 GC heap after
Heap after GC invocations=2 (full 0):
 PSYoungGen      total 38400K, used 5116K [0x00000000d5f00000, 0x00000000d8980000, 0x0000000100000000)
  eden space 33280K, 0% used [0x00000000d5f00000,0x00000000d5f00000,0x00000000d7f80000)
  from space 5120K, 99% used [0x00000000d8480000,0x00000000d897f1b8,0x00000000d8980000)
  to   space 5120K, 0% used [0x00000000d7f80000,0x00000000d7f80000,0x00000000d8480000)
 ParOldGen       total 87552K, used 4587K [0x0000000081c00000, 0x0000000087180000, 0x00000000d5f00000)
  object space 87552K, 5% used [0x0000000081c00000,0x000000008207acb0,0x0000000087180000)
 Metaspace       used 18130K, capacity 18950K, committed 19200K, reserved 1067008K
  class space    used 2241K, capacity 2485K, committed 2560K, reserved 1048576K
}
Event: 26.268 GC heap before
{Heap before GC invocations=3 (full 0):
 PSYoungGen      total 38400K, used 24989K [0x00000000d5f00000, 0x00000000d8980000, 0x0000000100000000)
  eden space 33280K, 59% used [0x00000000d5f00000,0x00000000d7268630,0x00000000d7f80000)
  from space 5120K, 99% used [0x00000000d8480000,0x00000000d897f1b8,0x00000000d8980000)
  to   space 5120K, 0% used [0x00000000d7f80000,0x00000000d7f80000,0x00000000d8480000)
 ParOldGen       total 87552K, used 4587K [0x0000000081c00000, 0x0000000087180000, 0x00000000d5f00000)
  object space 87552K, 5% used [0x0000000081c00000,0x000000008207acb0,0x0000000087180000)
 Metaspace       used 20238K, capacity 21048K, committed 21248K, reserved 1067008K
  class space    used 2465K, capacity 2712K, committed 2816K, reserved 1048576K
Event: 26.272 GC heap after
Heap after GC invocations=3 (full 0):
 PSYoungGen      total 38400K, used 5096K [0x00000000d5f00000, 0x00000000d8980000, 0x0000000100000000)
  eden space 33280K, 0% used [0x00000000d5f00000,0x00000000d5f00000,0x00000000d7f80000)
  from space 5120K, 99% used [0x00000000d7f80000,0x00000000d847a1a0,0x00000000d8480000)
  to   space 5120K, 0% used [0x00000000d8480000,0x00000000d8480000,0x00000000d8980000)
 ParOldGen       total 87552K, used 6218K [0x0000000081c00000, 0x0000000087180000, 0x00000000d5f00000)
  object space 87552K, 7% used [0x0000000081c00000,0x0000000082212bf8,0x0000000087180000)
 Metaspace       used 20238K, capacity 21048K, committed 21248K, reserved 1067008K
  class space    used 2465K, capacity 2712K, committed 2816K, reserved 1048576K
}
Event: 26.272 GC heap before
{Heap before GC invocations=4 (full 1):
 PSYoungGen      total 38400K, used 5096K [0x00000000d5f00000, 0x00000000d8980000, 0x0000000100000000)
  eden space 33280K, 0% used [0x00000000d5f00000,0x00000000d5f00000,0x00000000d7f80000)
  from space 5120K, 99% used [0x00000000d7f80000,0x00000000d847a1a0,0x00000000d8480000)
  to   space 5120K, 0% used [0x00000000d8480000,0x00000000d8480000,0x00000000d8980000)
 ParOldGen       total 87552K, used 6218K [0x0000000081c00000, 0x0000000087180000, 0x00000000d5f00000)
  object space 87552K, 7% used [0x0000000081c00000,0x0000000082212bf8,0x0000000087180000)
 Metaspace       used 20238K, capacity 21048K, committed 21248K, reserved 1067008K
  class space    used 2465K, capacity 2712K, committed 2816K, reserved 1048576K
Event: 26.294 GC heap after
Heap after GC invocations=4 (full 1):
 PSYoungGen      total 38400K, used 0K [0x00000000d5f00000, 0x00000000d8980000, 0x0000000100000000)
  eden space 33280K, 0% used [0x00000000d5f00000,0x00000000d5f00000,0x00000000d7f80000)
  from space 5120K, 0% used [0x00000000d7f80000,0x00000000d7f80000,0x00000000d8480000)
  to   space 5120K, 0% used [0x00000000d8480000,0x00000000d8480000,0x00000000d8980000)
 ParOldGen       total 43008K, used 6666K [0x0000000081c00000, 0x0000000084600000, 0x00000000d5f00000)
  object space 43008K, 15% used [0x0000000081c00000,0x0000000082282ae0,0x0000000084600000)
 Metaspace       used 20238K, capacity 21048K, committed 21248K, reserved 1067008K
  class space    used 2465K, capacity 2712K, committed 2816K, reserved 1048576K
}

Deoptimization events (10 events):
Event: 26.229 Thread 0x0000000002334800 Uncommon trap: reason=predicate action=maybe_recompile pc=0x00000000028bec88 method=java.lang.String.regionMatches(ZILjava/lang/String;II)Z @ 63
Event: 26.252 Thread 0x0000000002334800 Uncommon trap: reason=unstable_if action=reinterpret pc=0x0000000002ad66e8 method=java.lang.Class.searchMethods([Ljava/lang/reflect/Method;Ljava/lang/String;[Ljava/lang/Class;)Ljava/lang/reflect/Method; @ 43
Event: 26.302 Thread 0x0000000002334800 Uncommon trap: reason=unstable_if action=reinterpret pc=0x000000000284b978 method=java.util.HashMap.hash(Ljava/lang/Object;)I @ 1
Event: 26.344 Thread 0x0000000002334800 Uncommon trap: reason=bimorphic action=maybe_recompile pc=0x000000000296dbe0 method=java.io.DataInputStream.readInt()I @ 4
Event: 26.371 Thread 0x0000000002334800 Uncommon trap: reason=bimorphic action=maybe_recompile pc=0x000000000296dbe0 method=java.io.DataInputStream.readInt()I @ 4
Event: 26.373 Thread 0x0000000002334800 Uncommon trap: reason=bimorphic action=maybe_recompile pc=0x000000000296dbe0 method=java.io.DataInputStream.readInt()I @ 4
Event: 26.373 Thread 0x0000000002334800 Uncommon trap: reason=unstable_if action=reinterpret pc=0x0000000002adc75c method=java.io.DataInputStream.readUTF(Ljava/io/DataInput;)Ljava/lang/String; @ 31
Event: 26.373 Thread 0x0000000002334800 Uncommon trap: reason=bimorphic action=maybe_recompile pc=0x000000000296dbe0 method=java.io.DataInputStream.readInt()I @ 4
Event: 26.423 Thread 0x0000000002334800 Uncommon trap: reason=unstable_if action=reinterpret pc=0x00000000029ed474 method=java.net.URL.<init>(Ljava/net/URL;Ljava/lang/String;Ljava/net/URLStreamHandler;)V @ 233
Event: 26.423 Thread 0x0000000002334800 Uncommon trap: reason=unstable_if action=reinterpret pc=0x0000000002af8a38 method=java.net.URLStreamHandler.parseURL(Ljava/net/URL;Ljava/lang/String;II)V @ 903

Classes redefined (4 events):
Event: 157.700 Thread 0x00000000173d9800 redefined class name=com.pom.qa.testcases.ContactsPageTest, count=1
Event: 167.954 Thread 0x00000000173d9800 redefined class name=com.pom.qa.testcases.ContactsPageTest, count=2
Event: 228.903 Thread 0x00000000173d9800 redefined class name=com.pom.qa.testcases.ContactsPageTest, count=3
Event: 258.506 Thread 0x00000000173d9800 redefined class name=com.pom.qa.testcases.ContactsPageTest, count=4

Internal exceptions (10 events):
Event: 26.327 Thread 0x0000000002334800 Exception <a 'java/security/PrivilegedActionException'> (0x00000000d617b5e0) thrown at [C:\ade\jenkins\workspace\8-2-build-windows-amd64-cygwin\jdk8u241\331\hotspot\src\share\vm\prims\jvm.cpp, line 1502]
Event: 26.327 Thread 0x0000000002334800 Exception <a 'java/security/PrivilegedActionException'> (0x00000000d617bbc0) thrown at [C:\ade\jenkins\workspace\8-2-build-windows-amd64-cygwin\jdk8u241\331\hotspot\src\share\vm\prims\jvm.cpp, line 1502]
Event: 26.327 Thread 0x0000000002334800 Exception <a 'java/security/PrivilegedActionException'> (0x00000000d6192d58) thrown at [C:\ade\jenkins\workspace\8-2-build-windows-amd64-cygwin\jdk8u241\331\hotspot\src\share\vm\prims\jvm.cpp, line 1502]
Event: 26.327 Thread 0x0000000002334800 Exception <a 'java/security/PrivilegedActionException'> (0x00000000d6193338) thrown at [C:\ade\jenkins\workspace\8-2-build-windows-amd64-cygwin\jdk8u241\331\hotspot\src\share\vm\prims\jvm.cpp, line 1502]
Event: 26.328 Thread 0x0000000002334800 Exception <a 'java/security/PrivilegedActionException'> (0x00000000d619bdf8) thrown at [C:\ade\jenkins\workspace\8-2-build-windows-amd64-cygwin\jdk8u241\331\hotspot\src\share\vm\prims\jvm.cpp, line 1502]
Event: 26.328 Thread 0x0000000002334800 Exception <a 'java/security/PrivilegedActionException'> (0x00000000d619c3d8) thrown at [C:\ade\jenkins\workspace\8-2-build-windows-amd64-cygwin\jdk8u241\331\hotspot\src\share\vm\prims\jvm.cpp, line 1502]
Event: 26.328 Thread 0x0000000002334800 Exception <a 'java/security/PrivilegedActionException'> (0x00000000d61a5178) thrown at [C:\ade\jenkins\workspace\8-2-build-windows-amd64-cygwin\jdk8u241\331\hotspot\src\share\vm\prims\jvm.cpp, line 1502]
Event: 26.328 Thread 0x0000000002334800 Exception <a 'java/security/PrivilegedActionException'> (0x00000000d61a5758) thrown at [C:\ade\jenkins\workspace\8-2-build-windows-amd64-cygwin\jdk8u241\331\hotspot\src\share\vm\prims\jvm.cpp, line 1502]
Event: 26.328 Thread 0x0000000002334800 Exception <a 'java/security/PrivilegedActionException'> (0x00000000d61ae668) thrown at [C:\ade\jenkins\workspace\8-2-build-windows-amd64-cygwin\jdk8u241\331\hotspot\src\share\vm\prims\jvm.cpp, line 1502]
Event: 26.328 Thread 0x0000000002334800 Exception <a 'java/security/PrivilegedActionException'> (0x00000000d61aec48) thrown at [C:\ade\jenkins\workspace\8-2-build-windows-amd64-cygwin\jdk8u241\331\hotspot\src\share\vm\prims\jvm.cpp, line 1502]

Events (10 events):
Event: 258.615 Executing VM operation: GetOrSetLocal done
Event: 258.616 Executing VM operation: GetOrSetLocal
Event: 258.616 Executing VM operation: GetOrSetLocal done
Event: 258.616 Executing VM operation: GetOrSetLocal
Event: 258.616 Executing VM operation: GetOrSetLocal done
Event: 258.616 Executing VM operation: GetOrSetLocal
Event: 258.616 Executing VM operation: GetOrSetLocal done
Event: 258.616 Executing VM operation: GetOrSetLocal
Event: 258.617 Executing VM operation: GetOrSetLocal done
Event: 259.956 Executing VM operation: GetOrSetLocal


Dynamic libraries:
0x00007ff6c2fb0000 - 0x00007ff6c2fe7000 	C:\Program Files\Java\jdk1.8.0_241\bin\javaw.exe
0x00007ffd8c3f0000 - 0x00007ffd8c5e6000 	C:\WINDOWS\SYSTEM32\ntdll.dll
0x00007ffd8ae20000 - 0x00007ffd8aedd000 	C:\WINDOWS\System32\KERNEL32.DLL
0x00007ffd89b30000 - 0x00007ffd89df9000 	C:\WINDOWS\System32\KERNELBASE.dll
0x00007ffd8aee0000 - 0x00007ffd8af8c000 	C:\WINDOWS\System32\ADVAPI32.dll
0x00007ffd8c100000 - 0x00007ffd8c19e000 	C:\WINDOWS\System32\msvcrt.dll
0x00007ffd8b470000 - 0x00007ffd8b50c000 	C:\WINDOWS\System32\sechost.dll
0x00007ffd8b080000 - 0x00007ffd8b1ab000 	C:\WINDOWS\System32\RPCRT4.dll
0x00007ffd8c1a0000 - 0x00007ffd8c340000 	C:\WINDOWS\System32\USER32.dll
0x00007ffd8a130000 - 0x00007ffd8a152000 	C:\WINDOWS\System32\win32u.dll
0x00007ffd8b290000 - 0x00007ffd8b2ba000 	C:\WINDOWS\System32\GDI32.dll
0x00007ffd8a160000 - 0x00007ffd8a26b000 	C:\WINDOWS\System32\gdi32full.dll
0x00007ffd89fe0000 - 0x00007ffd8a07d000 	C:\WINDOWS\System32\msvcp_win.dll
0x00007ffd89e00000 - 0x00007ffd89f00000 	C:\WINDOWS\System32\ucrtbase.dll
0x00007ffd7a1f0000 - 0x00007ffd7a48b000 	C:\WINDOWS\WinSxS\amd64_microsoft.windows.common-controls_6595b64144ccf1df_6.0.19041.746_none_ca02b4b61b8320a4\COMCTL32.dll
0x00007ffd8bb10000 - 0x00007ffd8bb40000 	C:\WINDOWS\System32\IMM32.DLL
0x0000000071820000 - 0x00000000718f2000 	C:\Program Files\Java\jdk1.8.0_241\jre\bin\msvcr100.dll
0x0000000070f70000 - 0x000000007181c000 	C:\Program Files\Java\jdk1.8.0_241\jre\bin\server\jvm.dll
0x00007ffd8c340000 - 0x00007ffd8c348000 	C:\WINDOWS\System32\PSAPI.DLL
0x00007ffd86010000 - 0x00007ffd86019000 	C:\WINDOWS\SYSTEM32\WSOCK32.dll
0x00007ffd81c80000 - 0x00007ffd81c8a000 	C:\WINDOWS\SYSTEM32\VERSION.dll
0x00007ffd7a170000 - 0x00007ffd7a197000 	C:\WINDOWS\SYSTEM32\WINMM.dll
0x00007ffd8b2c0000 - 0x00007ffd8b32b000 	C:\WINDOWS\System32\WS2_32.dll
0x00007ffd85fd0000 - 0x00007ffd85fdf000 	C:\Program Files\Java\jdk1.8.0_241\jre\bin\verify.dll
0x00007ffd7fa80000 - 0x00007ffd7faa9000 	C:\Program Files\Java\jdk1.8.0_241\jre\bin\java.dll
0x00007ffd73240000 - 0x00007ffd73275000 	C:\Program Files\Java\jdk1.8.0_241\jre\bin\jdwp.dll
0x00007ffd82710000 - 0x00007ffd82718000 	C:\Program Files\Java\jdk1.8.0_241\jre\bin\npt.dll
0x00007ffd808b0000 - 0x00007ffd808c6000 	C:\Program Files\Java\jdk1.8.0_241\jre\bin\zip.dll
0x00007ffd8a500000 - 0x00007ffd8ac43000 	C:\WINDOWS\System32\SHELL32.dll
0x00007ffd87b70000 - 0x00007ffd882ff000 	C:\WINDOWS\SYSTEM32\windows.storage.dll
0x00007ffd8bb40000 - 0x00007ffd8be96000 	C:\WINDOWS\System32\combase.dll
0x00007ffd89590000 - 0x00007ffd895bc000 	C:\WINDOWS\SYSTEM32\Wldp.dll
0x00007ffd8a450000 - 0x00007ffd8a4fe000 	C:\WINDOWS\System32\SHCORE.dll
0x00007ffd8ac50000 - 0x00007ffd8aca5000 	C:\WINDOWS\System32\shlwapi.dll
0x00007ffd89a60000 - 0x00007ffd89a86000 	C:\WINDOWS\SYSTEM32\profapi.dll
0x00007ffd82560000 - 0x00007ffd82569000 	C:\Program Files\Java\jdk1.8.0_241\jre\bin\dt_socket.dll
0x00007ffd6ce20000 - 0x00007ffd6ce37000 	C:\WINDOWS\system32\napinsp.dll
0x00007ffd6b940000 - 0x00007ffd6b95b000 	C:\WINDOWS\system32\pnrpnsp.dll
0x00007ffd835d0000 - 0x00007ffd835e5000 	C:\WINDOWS\system32\wshbth.dll
0x00007ffd85f00000 - 0x00007ffd85f1d000 	C:\WINDOWS\system32\NLAapi.dll
0x00007ffd88f90000 - 0x00007ffd88fcb000 	C:\WINDOWS\SYSTEM32\IPHLPAPI.DLL
0x00007ffd89310000 - 0x00007ffd8937a000 	C:\WINDOWS\System32\mswsock.dll
0x00007ffd88fd0000 - 0x00007ffd8909b000 	C:\WINDOWS\SYSTEM32\DNSAPI.dll
0x00007ffd8ae10000 - 0x00007ffd8ae18000 	C:\WINDOWS\System32\NSI.dll
0x00007ffd6f720000 - 0x00007ffd6f732000 	C:\WINDOWS\System32\winrnr.dll
0x00007ffd7c300000 - 0x00007ffd7c37f000 	C:\WINDOWS\System32\fwpuclnt.dll
0x00007ffd89f60000 - 0x00007ffd89f87000 	C:\WINDOWS\System32\bcrypt.dll
0x00007ffd7b110000 - 0x00007ffd7b11a000 	C:\Windows\System32\rasadhlp.dll
0x00007ffd7a580000 - 0x00007ffd7a59a000 	C:\Program Files\Java\jdk1.8.0_241\jre\bin\net.dll
0x00007ffd894f0000 - 0x00007ffd89508000 	C:\WINDOWS\SYSTEM32\CRYPTSP.dll
0x00007ffd88be0000 - 0x00007ffd88c14000 	C:\WINDOWS\system32\rsaenh.dll
0x00007ffd89a20000 - 0x00007ffd89a4e000 	C:\WINDOWS\SYSTEM32\USERENV.dll
0x00007ffd8a270000 - 0x00007ffd8a2f0000 	C:\WINDOWS\System32\bcryptprimitives.dll
0x00007ffd894e0000 - 0x00007ffd894ec000 	C:\WINDOWS\SYSTEM32\CRYPTBASE.dll
0x00007ffd80fe0000 - 0x00007ffd80ff7000 	C:\WINDOWS\SYSTEM32\dhcpcsvc6.DLL
0x00007ffd81980000 - 0x00007ffd8199d000 	C:\WINDOWS\SYSTEM32\dhcpcsvc.DLL
0x00007ffd73d90000 - 0x00007ffd73da2000 	C:\Program Files\Java\jdk1.8.0_241\jre\bin\nio.dll
0x00007ffd713a0000 - 0x00007ffd713c4000 	C:\Program Files\Java\jdk1.8.0_241\jre\bin\sunec.dll
0x00007ffd7fb30000 - 0x00007ffd7fb3b000 	C:\Program Files\Java\jdk1.8.0_241\jre\bin\sunmscapi.dll
0x00007ffd8a2f0000 - 0x00007ffd8a446000 	C:\WINDOWS\System32\CRYPT32.dll
0x00007ffd87900000 - 0x00007ffd87ae4000 	C:\WINDOWS\SYSTEM32\dbghelp.dll

VM Arguments:
jvm_args: -agentlib:jdwp=transport=dt_socket,suspend=y,address=localhost:54699 -ea -Dfile.encoding=Cp1252 
java_command: org.testng.remote.RemoteTestNG -serport 54698 -protocol json -d D:\MuraliJavaProjects\PomTestNGMaven\test-output C:\Users\Murali\AppData\Local\Temp\testng-eclipse--1938132880\testng-customsuite.xml
java_class_path (initial): C:\Users\Murali\Downloads\SoftwaresExe\eclipse-jee-2019-12-R-win32-x86_64\eclipse\configuration\org.eclipse.osgi\965\0\.cp\lib\testng-remote.jar;D:\MuraliJavaProjects\PomTestNGMaven\target\test-classes;D:\MuraliJavaProjects\PomTestNGMaven\target\classes;C:\Users\Murali\Downloads\SoftwaresExe\eclipse-jee-2019-12-R-win32-x86_64\eclipse\plugins\org.testng_7.0.0.r201908191551.jar;C:\Users\Murali\Downloads\SoftwaresExe\eclipse-jee-2019-12-R-win32-x86_64\eclipse\plugins\com.beust.jcommander_1.72.0.jar;C:\Users\Murali\Downloads\SoftwaresExe\eclipse-jee-2019-12-R-win32-x86_64\eclipse\plugins\org.apache-extras.beanshell.bsh_2.0.0.b6.jar;C:\Users\Murali\Downloads\SoftwaresExe\eclipse-jee-2019-12-R-win32-x86_64\eclipse\plugins\org.yaml.snakeyaml_1.21.0.jar;C:\Users\Murali\.m2\repository\org\seleniumhq\selenium\selenium-java\3.141.59\selenium-java-3.141.59.jar;C:\Users\Murali\.m2\repository\org\seleniumhq\selenium\selenium-api\3.141.59\selenium-api-3.141.59.jar;C:\Users\Murali\.m2\repository\org\seleniumhq\selenium\selenium-chrome-driver\3.141.59\selenium-chrome-driver-3.141.59.jar;C:\Users\Murali\.m2\repository\org\seleniumhq\selenium\selenium-edge-driver\3.141.59\selenium-edge-driver-3.141.59.jar;C:\Users\Murali\.m2\repository\org\seleniumhq\selenium\selenium-firefox-driver\3.141.59\selenium-firefox-driver-3.141.59.jar;C:\Users\Murali\.m2\repository\org\seleniumhq\selenium\selenium-ie-driver\3.141.59\selenium-ie-driver-3.141.59.jar;C:\Users\Murali\.m2\repository\org\seleniumhq\selenium\selenium-opera-driver\3.141.59\selenium-opera-driver-3.141.59.jar;C:\Users\Murali\.m2\repository\org\seleniumhq\selenium\selenium-remote-driver\3.141.59\selenium-remote-driver-3.141.59.jar;C:\Users\Murali\.m2\repository\org\seleniumhq\selenium\selenium-safari-driver\3.141.59\selenium-safari-driver-3.141.59.jar;C:\Users\Murali\.m2\repository\org\seleniumhq\selenium\selenium-support\3.141.59\selenium-support-3.141.59.jar;C:\Users\Murali\.m2\repository\net\bytebuddy\by
Launcher Type: SUN_STANDARD

Environment Variables:
JAVA_HOME=C:\Program Files\Java\jdk1.8.0_241
PATH=C:\Program Files\Java\jdk1.8.0_241\jre\bin;C:/Program Files/Java/jre1.8.0_241/bin/server;C:/Program Files/Java/jre1.8.0_241/bin;C:/Program Files/Java/jre1.8.0_241/lib/amd64;C:\Program Files\Python39\Scripts\;C:\Program Files\Python39\;C:\Program Files (x86)\Common Files\Oracle\Java\javapath;C:\Windows\system32;C:\Windows;C:\Windows\System32\Wbem;C:\Windows\System32\WindowsPowerShell\v1.0\;C:\Windows\System32\OpenSSH\;C:\Program Files (x86)\NVIDIA Corporation\PhysX\Common;C:\Program Files\NVIDIA Corporation\NVIDIA NvDLISR;C:\Program Files\PuTTY\;D:\Software\apache-maven-3.6.3\bin;C:\Program Files\Java\jdk1.8.0_241\bin;D:\Software;C:\Program Files\nodejs\;C:\ProgramData\chocolatey\bin;C:\WINDOWS\system32;C:\WINDOWS;C:\WINDOWS\System32\Wbem;C:\WINDOWS\System32\WindowsPowerShell\v1.0\;C:\WINDOWS\System32\OpenSSH\;C:\Program Files\Git\cmd;C:\Program Files\MySQL\MySQL Shell 8.0\bin\;C:\Users\Murali\AppData\Local\Microsoft\WindowsApps;C:\Users\Murali\AppData\Roaming\npm;C:\Program Files\JetBrains\WebStorm 2019.3.4\bin;;;C:\Users\Murali\Downloads\SoftwaresExe\eclipse-jee-2019-12-R-win32-x86_64\eclipse;
USERNAME=Murali
OS=Windows_NT
PROCESSOR_IDENTIFIER=Intel64 Family 6 Model 142 Stepping 12, GenuineIntel



---------------  S Y S T E M  ---------------

OS: Windows 10.0 , 64 bit Build 19041 (10.0.19041.662)

CPU:total 8 (initial active 8) (4 cores per cpu, 2 threads per core) family 6 model 142 stepping 12, cmov, cx8, fxsr, mmx, sse, sse2, sse3, ssse3, sse4.1, sse4.2, popcnt, avx, avx2, aes, clmul, erms, 3dnowpref, lzcnt, ht, tsc, tscinvbit, bmi1, bmi2, adx

Memory: 4k page, physical 8265972k(1859540k free), swap 19109228k(3976948k free)

vm_info: Java HotSpot(TM) 64-Bit Server VM (25.241-b07) for windows-amd64 JRE (1.8.0_241-b07), built on Dec 11 2019 10:21:40 by "rejava" with MS VC++ 10.0 (VS2010)

time: Tue Feb 09 17:20:37 2021
timezone: India Standard Time
elapsed time: 261 seconds (0d 0h 4m 21s)

