#
# A fatal error has been detected by the Java Runtime Environment:
#
#  Internal Error (signature.cpp:54), pid=33188, tid=0x0000000000004110
#  fatal error: expecting (
#
# JRE version: Java(TM) SE Runtime Environment (8.0_241-b07) (build 1.8.0_241-b07)
# Java VM: Java HotSpot(TM) 64-Bit Server VM (25.241-b07 mixed mode windows-amd64 compressed oops)
# Failed to write core dump. Minidumps are not enabled by default on client versions of Windows
#
# If you would like to submit a bug report, please visit:
#   http://bugreport.java.com/bugreport/crash.jsp
#

---------------  T H R E A D  ---------------

Current thread (0x00000000173ea000):  VMThread [stack: 0x0000000019110000,0x0000000019210000] [id=16656]

Stack: [0x0000000019110000,0x0000000019210000]
[error occurred during error reporting (printing stack bounds), id 0xc0000005]

Native frames: (J=compiled Java code, j=interpreted, Vv=VM code, C=native code)

VM_Operation (0x0000000019f4f3c0): GetOrSetLocal, mode: safepoint, requested by thread 0x000000001924f800


---------------  P R O C E S S  ---------------

Java Threads: ( => current thread )
  0x000000001ba00800 JavaThread "Exec Stream Pumper" daemon [_thread_in_native, id=33112, stack(0x000000001e4f0000,0x000000001e5f0000)]
  0x000000001b9ff000 JavaThread "Exec Stream Pumper" daemon [_thread_in_native, id=30812, stack(0x000000001c720000,0x000000001c820000)]
  0x000000001b9fe000 JavaThread "Exec Default Executor" daemon [_thread_in_native, id=38316, stack(0x0000000000870000,0x0000000000970000)]
  0x000000001bb3b800 JavaThread "Okio Watchdog" daemon [_thread_blocked, id=38072, stack(0x000000001d020000,0x000000001d120000)]
  0x000000001ac6b000 JavaThread "ReaderThread" [_thread_in_native, id=29456, stack(0x000000001b050000,0x000000001b150000)]
  0x00000000192d6800 JavaThread "Service Thread" daemon [_thread_blocked, id=15260, stack(0x000000001a550000,0x000000001a650000)]
  0x0000000019277800 JavaThread "C1 CompilerThread3" daemon [_thread_blocked, id=4848, stack(0x000000001a450000,0x000000001a550000)]
  0x0000000019277000 JavaThread "C2 CompilerThread2" daemon [_thread_blocked, id=26980, stack(0x000000001a350000,0x000000001a450000)]
  0x0000000019275000 JavaThread "C2 CompilerThread1" daemon [_thread_blocked, id=37428, stack(0x000000001a250000,0x000000001a350000)]
  0x000000001926f800 JavaThread "C2 CompilerThread0" daemon [_thread_blocked, id=13248, stack(0x000000001a150000,0x000000001a250000)]
  0x000000001925e800 JavaThread "JDWP Command Reader" daemon [_thread_in_native, id=32708, stack(0x000000001a050000,0x000000001a150000)]
  0x000000001925b800 JavaThread "JDWP Event Helper Thread" daemon [_thread_blocked, id=29700, stack(0x0000000019f50000,0x000000001a050000)]
  0x000000001924f800 JavaThread "JDWP Transport Listener: dt_socket" daemon [_thread_blocked, id=8988, stack(0x0000000019e50000,0x0000000019f50000)]
  0x000000001924c000 JavaThread "Attach Listener" daemon [_thread_blocked, id=26516, stack(0x0000000019a10000,0x0000000019b10000)]
  0x000000001924b800 JavaThread "Signal Dispatcher" daemon [_thread_blocked, id=2920, stack(0x0000000019910000,0x0000000019a10000)]
  0x000000000243a800 JavaThread "Finalizer" daemon [_thread_blocked, id=25476, stack(0x0000000019710000,0x0000000019810000)]
  0x0000000019230800 JavaThread "Reference Handler" daemon [_thread_blocked, id=10020, stack(0x0000000019610000,0x0000000019710000)]
  0x0000000002344800 JavaThread "main" [_thread_blocked, id=17024, stack(0x0000000002240000,0x0000000002340000)]

Other Threads:
=>0x00000000173ea000 VMThread [stack: 0x0000000019110000,0x0000000019210000] [id=16656]
  0x00000000192db000 WatcherThread [stack: 0x000000001a650000,0x000000001a750000] [id=21824]

VM state:at safepoint (normal execution)

VM Mutex/Monitor currently owned by a thread:  ([mutex/lock_event])
[0x00000000023425d0] Threads_lock - owner thread: 0x00000000173ea000

heap address: 0x0000000081c00000, size: 2020 MB, Compressed Oops mode: 32-bit
Narrow klass base: 0x0000000000000000, Narrow klass shift: 3
Compressed class space size: 1073741824 Address: 0x0000000100000000

Heap:
 PSYoungGen      total 38400K, used 24275K [0x00000000d5f00000, 0x00000000d8980000, 0x0000000100000000)
  eden space 33280K, 72% used [0x00000000d5f00000,0x00000000d76b4e30,0x00000000d7f80000)
  from space 5120K, 0% used [0x00000000d7f80000,0x00000000d7f80000,0x00000000d8480000)
  to   space 5120K, 0% used [0x00000000d8480000,0x00000000d8480000,0x00000000d8980000)
 ParOldGen       total 43008K, used 6650K [0x0000000081c00000, 0x0000000084600000, 0x00000000d5f00000)
  object space 43008K, 15% used [0x0000000081c00000,0x000000008227eb10,0x0000000084600000)
 Metaspace       used 23260K, capacity 24144K, committed 24448K, reserved 1071104K
  class space    used 2844K, capacity 3080K, committed 3200K, reserved 1048576K

Card table byte_map: [0x0000000011800000,0x0000000011c00000] byte_map_base: 0x00000000113f2000

Marking Bits: (ParMarkBitMap*) 0x000000007179be30
 Begin Bits: [0x00000000126b0000, 0x0000000014640000)
 End Bits:   [0x0000000014640000, 0x00000000165d0000)

Polling page: 0x0000000000a20000

CodeCache: size=245760Kb used=8048Kb max_used=8048Kb free=237711Kb
 bounds [0x0000000002440000, 0x0000000002c30000, 0x0000000011440000]
 total_blobs=2976 nmethods=2527 adapters=368
 compilation: enabled

Compilation events (10 events):
Event: 75.485 Thread 0x0000000019275000 2729       4       com.google.common.base.CharMatcher$JavaIsoControl::matches (25 bytes)
Event: 75.486 Thread 0x0000000019275000 nmethod 2729 0x0000000002c1a250 code [0x0000000002c1a380, 0x0000000002c1a418]
Event: 75.580 Thread 0x0000000019277800 2730       3       java.lang.Class::forName (15 bytes)
Event: 75.581 Thread 0x0000000019277800 nmethod 2730 0x0000000002c17510 code [0x0000000002c176a0, 0x0000000002c17998]
Event: 75.581 Thread 0x0000000019277800 2733   !   3       org.testng.shaded.com.google.gson.Gson::getAdapter (258 bytes)
Event: 75.582 Thread 0x0000000019277800 nmethod 2733 0x0000000002c203d0 code [0x0000000002c20840, 0x0000000002c23508]
Event: 75.582 Thread 0x0000000019277800 2731       3       java.util.Collections::singletonList (9 bytes)
Event: 75.582 Thread 0x0000000019277800 nmethod 2731 0x0000000002c16f10 code [0x0000000002c17080, 0x0000000002c17390]
Event: 75.582 Thread 0x0000000019277800 2732       3       java.util.Collections$SingletonList::<init> (10 bytes)
Event: 75.582 Thread 0x0000000019277800 nmethod 2732 0x0000000002c169d0 code [0x0000000002c16b40, 0x0000000002c16dd0]

GC Heap History (8 events):
Event: 2.050 GC heap before
{Heap before GC invocations=1 (full 0):
 PSYoungGen      total 38400K, used 33280K [0x00000000d5f00000, 0x00000000d8980000, 0x0000000100000000)
  eden space 33280K, 100% used [0x00000000d5f00000,0x00000000d7f80000,0x00000000d7f80000)
  from space 5120K, 0% used [0x00000000d8480000,0x00000000d8480000,0x00000000d8980000)
  to   space 5120K, 0% used [0x00000000d7f80000,0x00000000d7f80000,0x00000000d8480000)
 ParOldGen       total 87552K, used 0K [0x0000000081c00000, 0x0000000087180000, 0x00000000d5f00000)
  object space 87552K, 0% used [0x0000000081c00000,0x0000000081c00000,0x0000000087180000)
 Metaspace       used 13306K, capacity 13642K, committed 13696K, reserved 1060864K
  class space    used 1556K, capacity 1658K, committed 1664K, reserved 1048576K
Event: 2.054 GC heap after
Heap after GC invocations=1 (full 0):
 PSYoungGen      total 38400K, used 5113K [0x00000000d5f00000, 0x00000000d8980000, 0x0000000100000000)
  eden space 33280K, 0% used [0x00000000d5f00000,0x00000000d5f00000,0x00000000d7f80000)
  from space 5120K, 99% used [0x00000000d7f80000,0x00000000d847e4c0,0x00000000d8480000)
  to   space 5120K, 0% used [0x00000000d8480000,0x00000000d8480000,0x00000000d8980000)
 ParOldGen       total 87552K, used 1486K [0x0000000081c00000, 0x0000000087180000, 0x00000000d5f00000)
  object space 87552K, 1% used [0x0000000081c00000,0x0000000081d73ba8,0x0000000087180000)
 Metaspace       used 13306K, capacity 13642K, committed 13696K, reserved 1060864K
  class space    used 1556K, capacity 1658K, committed 1664K, reserved 1048576K
}
Event: 22.010 GC heap before
{Heap before GC invocations=2 (full 0):
 PSYoungGen      total 38400K, used 38393K [0x00000000d5f00000, 0x00000000d8980000, 0x0000000100000000)
  eden space 33280K, 100% used [0x00000000d5f00000,0x00000000d7f80000,0x00000000d7f80000)
  from space 5120K, 99% used [0x00000000d7f80000,0x00000000d847e4c0,0x00000000d8480000)
  to   space 5120K, 0% used [0x00000000d8480000,0x00000000d8480000,0x00000000d8980000)
 ParOldGen       total 87552K, used 1486K [0x0000000081c00000, 0x0000000087180000, 0x00000000d5f00000)
  object space 87552K, 1% used [0x0000000081c00000,0x0000000081d73ba8,0x0000000087180000)
 Metaspace       used 18269K, capacity 19150K, committed 19456K, reserved 1067008K
  class space    used 2250K, capacity 2497K, committed 2560K, reserved 1048576K
Event: 22.017 GC heap after
Heap after GC invocations=2 (full 0):
 PSYoungGen      total 38400K, used 5098K [0x00000000d5f00000, 0x00000000d8980000, 0x0000000100000000)
  eden space 33280K, 0% used [0x00000000d5f00000,0x00000000d5f00000,0x00000000d7f80000)
  from space 5120K, 99% used [0x00000000d8480000,0x00000000d897a9b0,0x00000000d8980000)
  to   space 5120K, 0% used [0x00000000d7f80000,0x00000000d7f80000,0x00000000d8480000)
 ParOldGen       total 87552K, used 4277K [0x0000000081c00000, 0x0000000087180000, 0x00000000d5f00000)
  object space 87552K, 4% used [0x0000000081c00000,0x000000008202d5a0,0x0000000087180000)
 Metaspace       used 18269K, capacity 19150K, committed 19456K, reserved 1067008K
  class space    used 2250K, capacity 2497K, committed 2560K, reserved 1048576K
}
Event: 60.089 GC heap before
{Heap before GC invocations=3 (full 0):
 PSYoungGen      total 38400K, used 37921K [0x00000000d5f00000, 0x00000000d8980000, 0x0000000100000000)
  eden space 33280K, 98% used [0x00000000d5f00000,0x00000000d7f0de00,0x00000000d7f80000)
  from space 5120K, 99% used [0x00000000d8480000,0x00000000d897a9b0,0x00000000d8980000)
  to   space 5120K, 0% used [0x00000000d7f80000,0x00000000d7f80000,0x00000000d8480000)
 ParOldGen       total 87552K, used 4277K [0x0000000081c00000, 0x0000000087180000, 0x00000000d5f00000)
  object space 87552K, 4% used [0x0000000081c00000,0x000000008202d5a0,0x0000000087180000)
 Metaspace       used 20307K, capacity 21160K, committed 21296K, reserved 1069056K
  class space    used 2446K, capacity 2662K, committed 2688K, reserved 1048576K
Event: 60.093 GC heap after
Heap after GC invocations=3 (full 0):
 PSYoungGen      total 38400K, used 5100K [0x00000000d5f00000, 0x00000000d8980000, 0x0000000100000000)
  eden space 33280K, 0% used [0x00000000d5f00000,0x00000000d5f00000,0x00000000d7f80000)
  from space 5120K, 99% used [0x00000000d7f80000,0x00000000d847b068,0x00000000d8480000)
  to   space 5120K, 0% used [0x00000000d8480000,0x00000000d8480000,0x00000000d8980000)
 ParOldGen       total 87552K, used 5890K [0x0000000081c00000, 0x0000000087180000, 0x00000000d5f00000)
  object space 87552K, 6% used [0x0000000081c00000,0x00000000821c08d0,0x0000000087180000)
 Metaspace       used 20307K, capacity 21160K, committed 21296K, reserved 1069056K
  class space    used 2446K, capacity 2662K, committed 2688K, reserved 1048576K
}
Event: 60.093 GC heap before
{Heap before GC invocations=4 (full 1):
 PSYoungGen      total 38400K, used 5100K [0x00000000d5f00000, 0x00000000d8980000, 0x0000000100000000)
  eden space 33280K, 0% used [0x00000000d5f00000,0x00000000d5f00000,0x00000000d7f80000)
  from space 5120K, 99% used [0x00000000d7f80000,0x00000000d847b068,0x00000000d8480000)
  to   space 5120K, 0% used [0x00000000d8480000,0x00000000d8480000,0x00000000d8980000)
 ParOldGen       total 87552K, used 5890K [0x0000000081c00000, 0x0000000087180000, 0x00000000d5f00000)
  object space 87552K, 6% used [0x0000000081c00000,0x00000000821c08d0,0x0000000087180000)
 Metaspace       used 20307K, capacity 21160K, committed 21296K, reserved 1069056K
  class space    used 2446K, capacity 2662K, committed 2688K, reserved 1048576K
Event: 60.115 GC heap after
Heap after GC invocations=4 (full 1):
 PSYoungGen      total 38400K, used 0K [0x00000000d5f00000, 0x00000000d8980000, 0x0000000100000000)
  eden space 33280K, 0% used [0x00000000d5f00000,0x00000000d5f00000,0x00000000d7f80000)
  from space 5120K, 0% used [0x00000000d7f80000,0x00000000d7f80000,0x00000000d8480000)
  to   space 5120K, 0% used [0x00000000d8480000,0x00000000d8480000,0x00000000d8980000)
 ParOldGen       total 43008K, used 6650K [0x0000000081c00000, 0x0000000084600000, 0x00000000d5f00000)
  object space 43008K, 15% used [0x0000000081c00000,0x000000008227eb10,0x0000000084600000)
 Metaspace       used 20307K, capacity 21160K, committed 21296K, reserved 1069056K
  class space    used 2446K, capacity 2662K, committed 2688K, reserved 1048576K
}

Deoptimization events (10 events):
Event: 60.067 Thread 0x0000000002344800 Uncommon trap: reason=predicate action=maybe_recompile pc=0x00000000029201c8 method=java.lang.String.regionMatches(ZILjava/lang/String;II)Z @ 63
Event: 60.086 Thread 0x0000000002344800 Uncommon trap: reason=unstable_if action=reinterpret pc=0x0000000002aa48b0 method=java.lang.Class.searchMethods([Ljava/lang/reflect/Method;Ljava/lang/String;[Ljava/lang/Class;)Ljava/lang/reflect/Method; @ 43
Event: 60.141 Thread 0x0000000002344800 Uncommon trap: reason=unstable_if action=reinterpret pc=0x00000000028ee424 method=java.util.HashMap.hash(Ljava/lang/Object;)I @ 1
Event: 60.185 Thread 0x0000000002344800 Uncommon trap: reason=bimorphic action=maybe_recompile pc=0x000000000298ada0 method=java.io.DataInputStream.readInt()I @ 4
Event: 60.216 Thread 0x0000000002344800 Uncommon trap: reason=bimorphic action=maybe_recompile pc=0x000000000298ada0 method=java.io.DataInputStream.readInt()I @ 4
Event: 60.217 Thread 0x0000000002344800 Uncommon trap: reason=bimorphic action=maybe_recompile pc=0x000000000298ada0 method=java.io.DataInputStream.readInt()I @ 4
Event: 60.218 Thread 0x0000000002344800 Uncommon trap: reason=unstable_if action=reinterpret pc=0x000000000275ee1c method=java.io.DataInputStream.readUTF(Ljava/io/DataInput;)Ljava/lang/String; @ 31
Event: 60.218 Thread 0x0000000002344800 Uncommon trap: reason=bimorphic action=maybe_recompile pc=0x000000000298ada0 method=java.io.DataInputStream.readInt()I @ 4
Event: 60.272 Thread 0x0000000002344800 Uncommon trap: reason=unstable_if action=reinterpret pc=0x00000000029d8674 method=java.net.URL.<init>(Ljava/net/URL;Ljava/lang/String;Ljava/net/URLStreamHandler;)V @ 233
Event: 60.272 Thread 0x0000000002344800 Uncommon trap: reason=unstable_if action=reinterpret pc=0x0000000002b6c1a8 method=java.net.URLStreamHandler.parseURL(Ljava/net/URL;Ljava/lang/String;II)V @ 903

Classes redefined (10 events):
Event: 1476.337 Thread 0x00000000173ea000 redefined class name=com.pom.qa.testcases.HomePageTest, count=1
Event: 1476.344 Thread 0x00000000173ea000 redefined class name=com.pom.qa.testcases.LoginPageTest, count=1
Event: 1476.350 Thread 0x00000000173ea000 redefined class name=com.pom.qa.base.BaseTest, count=1
Event: 1476.357 Thread 0x00000000173ea000 redefined class name=com.pom.qa.testcases.ContactsPageTest, count=5
Event: 1476.364 Thread 0x00000000173ea000 redefined class name=com.pom.qa.ExtentReporterListener.ExtentReporterNG, count=1
Event: 1476.371 Thread 0x00000000173ea000 redefined class name=com.pom.qa.pages.ContactsPage, count=2
Event: 1476.377 Thread 0x00000000173ea000 redefined class name=com.pom.qa.pages.HomePage, count=2
Event: 1591.772 Thread 0x00000000173ea000 redefined class name=com.pom.qa.testcases.ContactsPageTest, count=6
Event: 1602.469 Thread 0x00000000173ea000 redefined class name=com.pom.qa.testcases.ContactsPageTest, count=7
Event: 1718.050 Thread 0x00000000173ea000 redefined class name=com.pom.qa.testcases.ContactsPageTest, count=8

Internal exceptions (10 events):
Event: 73.903 Thread 0x0000000002344800 Exception <a 'java/net/SocketTimeoutException': Read timed out> (0x00000000d74d3db0) thrown at [C:\ade\jenkins\workspace\8-2-build-windows-amd64-cygwin\jdk8u241\331\hotspot\src\share\vm\prims\jni.cpp, line 736]
Event: 73.917 Thread 0x0000000002344800 Exception <a 'java/net/SocketTimeoutException': Read timed out> (0x00000000d75171f0) thrown at [C:\ade\jenkins\workspace\8-2-build-windows-amd64-cygwin\jdk8u241\331\hotspot\src\share\vm\prims\jni.cpp, line 736]
Event: 74.012 Thread 0x0000000002344800 Exception <a 'java/net/SocketTimeoutException': Read timed out> (0x00000000d75296e8) thrown at [C:\ade\jenkins\workspace\8-2-build-windows-amd64-cygwin\jdk8u241\331\hotspot\src\share\vm\prims\jni.cpp, line 736]
Event: 74.028 Thread 0x0000000002344800 Exception <a 'java/net/SocketTimeoutException': Read timed out> (0x00000000d7547380) thrown at [C:\ade\jenkins\workspace\8-2-build-windows-amd64-cygwin\jdk8u241\331\hotspot\src\share\vm\prims\jni.cpp, line 736]
Event: 74.092 Thread 0x0000000002344800 Exception <a 'java/net/SocketTimeoutException': Read timed out> (0x00000000d755a608) thrown at [C:\ade\jenkins\workspace\8-2-build-windows-amd64-cygwin\jdk8u241\331\hotspot\src\share\vm\prims\jni.cpp, line 736]
Event: 74.122 Thread 0x0000000002344800 Exception <a 'java/net/SocketTimeoutException': Read timed out> (0x00000000d7579058) thrown at [C:\ade\jenkins\workspace\8-2-build-windows-amd64-cygwin\jdk8u241\331\hotspot\src\share\vm\prims\jni.cpp, line 736]
Event: 74.152 Thread 0x0000000002344800 Exception <a 'java/net/SocketTimeoutException': Read timed out> (0x00000000d759c6c0) thrown at [C:\ade\jenkins\workspace\8-2-build-windows-amd64-cygwin\jdk8u241\331\hotspot\src\share\vm\prims\jni.cpp, line 736]
Event: 75.070 Thread 0x0000000002344800 Exception <a 'java/net/SocketTimeoutException': Read timed out> (0x00000000d75c86d8) thrown at [C:\ade\jenkins\workspace\8-2-build-windows-amd64-cygwin\jdk8u241\331\hotspot\src\share\vm\prims\jni.cpp, line 736]
Event: 75.475 Thread 0x0000000002344800 Exception <a 'java/net/SocketTimeoutException': Read timed out> (0x00000000d75da9c8) thrown at [C:\ade\jenkins\workspace\8-2-build-windows-amd64-cygwin\jdk8u241\331\hotspot\src\share\vm\prims\jni.cpp, line 736]
Event: 75.491 Thread 0x0000000002344800 Exception <a 'java/net/SocketTimeoutException': Read timed out> (0x00000000d75f3af0) thrown at [C:\ade\jenkins\workspace\8-2-build-windows-amd64-cygwin\jdk8u241\331\hotspot\src\share\vm\prims\jni.cpp, line 736]

Events (10 events):
Event: 1718.071 Executing VM operation: ChangeBreakpoints done
Event: 1718.073 Executing VM operation: EnterInterpOnlyMode
Event: 1718.073 Executing nested VM operation: Deoptimize
Event: 1718.073 Executing nested VM operation: Deoptimize done
Event: 1718.073 Executing VM operation: EnterInterpOnlyMode done
Event: 1718.073 Executing VM operation: GetCurrentLocation
Event: 1718.073 Executing VM operation: GetCurrentLocation done
Event: 1718.074 Executing VM operation: ChangeSingleStep
Event: 1718.074 Executing VM operation: ChangeSingleStep done
Event: 1718.074 Executing VM operation: GetOrSetLocal


Dynamic libraries:
0x00007ff6c2fb0000 - 0x00007ff6c2fe7000 	C:\Program Files\Java\jdk1.8.0_241\bin\javaw.exe
0x00007ffd8c3f0000 - 0x00007ffd8c5e6000 	C:\WINDOWS\SYSTEM32\ntdll.dll
0x00007ffd8ae20000 - 0x00007ffd8aedd000 	C:\WINDOWS\System32\KERNEL32.DLL
0x00007ffd89b30000 - 0x00007ffd89df9000 	C:\WINDOWS\System32\KERNELBASE.dll
0x00007ffd8aee0000 - 0x00007ffd8af8c000 	C:\WINDOWS\System32\ADVAPI32.dll
0x00007ffd8c100000 - 0x00007ffd8c19e000 	C:\WINDOWS\System32\msvcrt.dll
0x00007ffd8b470000 - 0x00007ffd8b50c000 	C:\WINDOWS\System32\sechost.dll
0x00007ffd8b080000 - 0x00007ffd8b1ab000 	C:\WINDOWS\System32\RPCRT4.dll
0x00007ffd8c1a0000 - 0x00007ffd8c340000 	C:\WINDOWS\System32\USER32.dll
0x00007ffd8a130000 - 0x00007ffd8a152000 	C:\WINDOWS\System32\win32u.dll
0x00007ffd8b290000 - 0x00007ffd8b2ba000 	C:\WINDOWS\System32\GDI32.dll
0x00007ffd8a160000 - 0x00007ffd8a26b000 	C:\WINDOWS\System32\gdi32full.dll
0x00007ffd89fe0000 - 0x00007ffd8a07d000 	C:\WINDOWS\System32\msvcp_win.dll
0x00007ffd89e00000 - 0x00007ffd89f00000 	C:\WINDOWS\System32\ucrtbase.dll
0x00007ffd7a1f0000 - 0x00007ffd7a48b000 	C:\WINDOWS\WinSxS\amd64_microsoft.windows.common-controls_6595b64144ccf1df_6.0.19041.746_none_ca02b4b61b8320a4\COMCTL32.dll
0x00007ffd8bb10000 - 0x00007ffd8bb40000 	C:\WINDOWS\System32\IMM32.DLL
0x0000000071820000 - 0x00000000718f2000 	C:\Program Files\Java\jdk1.8.0_241\jre\bin\msvcr100.dll
0x0000000070f70000 - 0x000000007181c000 	C:\Program Files\Java\jdk1.8.0_241\jre\bin\server\jvm.dll
0x00007ffd8c340000 - 0x00007ffd8c348000 	C:\WINDOWS\System32\PSAPI.DLL
0x00007ffd86010000 - 0x00007ffd86019000 	C:\WINDOWS\SYSTEM32\WSOCK32.dll
0x00007ffd7a170000 - 0x00007ffd7a197000 	C:\WINDOWS\SYSTEM32\WINMM.dll
0x00007ffd81c80000 - 0x00007ffd81c8a000 	C:\WINDOWS\SYSTEM32\VERSION.dll
0x00007ffd8b2c0000 - 0x00007ffd8b32b000 	C:\WINDOWS\System32\WS2_32.dll
0x00007ffd85fd0000 - 0x00007ffd85fdf000 	C:\Program Files\Java\jdk1.8.0_241\jre\bin\verify.dll
0x00007ffd73250000 - 0x00007ffd73279000 	C:\Program Files\Java\jdk1.8.0_241\jre\bin\java.dll
0x00007ffd63d90000 - 0x00007ffd63dc5000 	C:\Program Files\Java\jdk1.8.0_241\jre\bin\jdwp.dll
0x00007ffd82710000 - 0x00007ffd82718000 	C:\Program Files\Java\jdk1.8.0_241\jre\bin\npt.dll
0x00007ffd808b0000 - 0x00007ffd808c6000 	C:\Program Files\Java\jdk1.8.0_241\jre\bin\zip.dll
0x00007ffd8a500000 - 0x00007ffd8ac43000 	C:\WINDOWS\System32\SHELL32.dll
0x00007ffd87b70000 - 0x00007ffd882ff000 	C:\WINDOWS\SYSTEM32\windows.storage.dll
0x00007ffd8bb40000 - 0x00007ffd8be96000 	C:\WINDOWS\System32\combase.dll
0x00007ffd89590000 - 0x00007ffd895bc000 	C:\WINDOWS\SYSTEM32\Wldp.dll
0x00007ffd8a450000 - 0x00007ffd8a4fe000 	C:\WINDOWS\System32\SHCORE.dll
0x00007ffd8ac50000 - 0x00007ffd8aca5000 	C:\WINDOWS\System32\shlwapi.dll
0x00007ffd89a60000 - 0x00007ffd89a86000 	C:\WINDOWS\SYSTEM32\profapi.dll
0x00007ffd7fb30000 - 0x00007ffd7fb39000 	C:\Program Files\Java\jdk1.8.0_241\jre\bin\dt_socket.dll
0x00007ffd6ce20000 - 0x00007ffd6ce37000 	C:\WINDOWS\system32\napinsp.dll
0x00007ffd6b940000 - 0x00007ffd6b95b000 	C:\WINDOWS\system32\pnrpnsp.dll
0x00007ffd835d0000 - 0x00007ffd835e5000 	C:\WINDOWS\system32\wshbth.dll
0x00007ffd85f00000 - 0x00007ffd85f1d000 	C:\WINDOWS\system32\NLAapi.dll
0x00007ffd88f90000 - 0x00007ffd88fcb000 	C:\WINDOWS\SYSTEM32\IPHLPAPI.DLL
0x00007ffd89310000 - 0x00007ffd8937a000 	C:\WINDOWS\System32\mswsock.dll
0x00007ffd88fd0000 - 0x00007ffd8909b000 	C:\WINDOWS\SYSTEM32\DNSAPI.dll
0x00007ffd8ae10000 - 0x00007ffd8ae18000 	C:\WINDOWS\System32\NSI.dll
0x00007ffd6f720000 - 0x00007ffd6f732000 	C:\WINDOWS\System32\winrnr.dll
0x00007ffd7c300000 - 0x00007ffd7c37f000 	C:\WINDOWS\System32\fwpuclnt.dll
0x00007ffd89f60000 - 0x00007ffd89f87000 	C:\WINDOWS\System32\bcrypt.dll
0x00007ffd7b110000 - 0x00007ffd7b11a000 	C:\Windows\System32\rasadhlp.dll
0x00007ffd7a580000 - 0x00007ffd7a59a000 	C:\Program Files\Java\jdk1.8.0_241\jre\bin\net.dll
0x00007ffd894f0000 - 0x00007ffd89508000 	C:\WINDOWS\SYSTEM32\CRYPTSP.dll
0x00007ffd88be0000 - 0x00007ffd88c14000 	C:\WINDOWS\system32\rsaenh.dll
0x00007ffd89a20000 - 0x00007ffd89a4e000 	C:\WINDOWS\SYSTEM32\USERENV.dll
0x00007ffd8a270000 - 0x00007ffd8a2f0000 	C:\WINDOWS\System32\bcryptprimitives.dll
0x00007ffd894e0000 - 0x00007ffd894ec000 	C:\WINDOWS\SYSTEM32\CRYPTBASE.dll
0x00007ffd80fe0000 - 0x00007ffd80ff7000 	C:\WINDOWS\SYSTEM32\dhcpcsvc6.DLL
0x00007ffd81980000 - 0x00007ffd8199d000 	C:\WINDOWS\SYSTEM32\dhcpcsvc.DLL
0x00007ffd73d90000 - 0x00007ffd73da2000 	C:\Program Files\Java\jdk1.8.0_241\jre\bin\nio.dll
0x00007ffd713a0000 - 0x00007ffd713c4000 	C:\Program Files\Java\jdk1.8.0_241\jre\bin\sunec.dll
0x00007ffd73a80000 - 0x00007ffd73a8b000 	C:\Program Files\Java\jdk1.8.0_241\jre\bin\sunmscapi.dll
0x00007ffd8a2f0000 - 0x00007ffd8a446000 	C:\WINDOWS\System32\CRYPT32.dll

VM Arguments:
jvm_args: -agentlib:jdwp=transport=dt_socket,suspend=y,address=localhost:53551 -ea -Dfile.encoding=Cp1252 
java_command: org.testng.remote.RemoteTestNG -serport 53550 -protocol json -d D:\MuraliJavaProjects\PomTestNGMaven\test-output D:\MuraliJavaProjects\PomTestNGMaven\testng.xml
java_class_path (initial): C:\Users\Murali\Downloads\SoftwaresExe\eclipse-jee-2019-12-R-win32-x86_64\eclipse\configuration\org.eclipse.osgi\965\0\.cp\lib\testng-remote.jar;D:\MuraliJavaProjects\PomTestNGMaven\target\test-classes;D:\MuraliJavaProjects\PomTestNGMaven\target\classes;C:\Users\Murali\.m2\repository\org\seleniumhq\selenium\selenium-java\3.141.59\selenium-java-3.141.59.jar;C:\Users\Murali\.m2\repository\org\seleniumhq\selenium\selenium-api\3.141.59\selenium-api-3.141.59.jar;C:\Users\Murali\.m2\repository\org\seleniumhq\selenium\selenium-chrome-driver\3.141.59\selenium-chrome-driver-3.141.59.jar;C:\Users\Murali\.m2\repository\org\seleniumhq\selenium\selenium-edge-driver\3.141.59\selenium-edge-driver-3.141.59.jar;C:\Users\Murali\.m2\repository\org\seleniumhq\selenium\selenium-firefox-driver\3.141.59\selenium-firefox-driver-3.141.59.jar;C:\Users\Murali\.m2\repository\org\seleniumhq\selenium\selenium-ie-driver\3.141.59\selenium-ie-driver-3.141.59.jar;C:\Users\Murali\.m2\repository\org\seleniumhq\selenium\selenium-opera-driver\3.141.59\selenium-opera-driver-3.141.59.jar;C:\Users\Murali\.m2\repository\org\seleniumhq\selenium\selenium-remote-driver\3.141.59\selenium-remote-driver-3.141.59.jar;C:\Users\Murali\.m2\repository\org\seleniumhq\selenium\selenium-safari-driver\3.141.59\selenium-safari-driver-3.141.59.jar;C:\Users\Murali\.m2\repository\org\seleniumhq\selenium\selenium-support\3.141.59\selenium-support-3.141.59.jar;C:\Users\Murali\.m2\repository\net\bytebuddy\byte-buddy\1.8.15\byte-buddy-1.8.15.jar;C:\Users\Murali\.m2\repository\org\apache\commons\commons-exec\1.3\commons-exec-1.3.jar;C:\Users\Murali\.m2\repository\com\google\guava\guava\25.0-jre\guava-25.0-jre.jar;C:\Users\Murali\.m2\repository\com\google\code\findbugs\jsr305\1.3.9\jsr305-1.3.9.jar;C:\Users\Murali\.m2\repository\org\checkerframework\checker-compat-qual\2.0.0\checker-compat-qual-2.0.0.jar;C:\Users\Murali\.m2\repository\com\google\errorprone\error_prone_annotations\2.1.3\error_prone_annot
Launcher Type: SUN_STANDARD

Environment Variables:
JAVA_HOME=C:\Program Files\Java\jdk1.8.0_241
PATH=C:\Program Files\Java\jdk1.8.0_241\jre\bin;C:/Program Files/Java/jre1.8.0_241/bin/server;C:/Program Files/Java/jre1.8.0_241/bin;C:/Program Files/Java/jre1.8.0_241/lib/amd64;C:\Program Files\Python39\Scripts\;C:\Program Files\Python39\;C:\Program Files (x86)\Common Files\Oracle\Java\javapath;C:\Windows\system32;C:\Windows;C:\Windows\System32\Wbem;C:\Windows\System32\WindowsPowerShell\v1.0\;C:\Windows\System32\OpenSSH\;C:\Program Files (x86)\NVIDIA Corporation\PhysX\Common;C:\Program Files\NVIDIA Corporation\NVIDIA NvDLISR;C:\Program Files\PuTTY\;D:\Software\apache-maven-3.6.3\bin;C:\Program Files\Java\jdk1.8.0_241\bin;D:\Software;C:\Program Files\nodejs\;C:\ProgramData\chocolatey\bin;C:\WINDOWS\system32;C:\WINDOWS;C:\WINDOWS\System32\Wbem;C:\WINDOWS\System32\WindowsPowerShell\v1.0\;C:\WINDOWS\System32\OpenSSH\;C:\Program Files\Git\cmd;C:\Program Files\MySQL\MySQL Shell 8.0\bin\;C:\Users\Murali\AppData\Local\Microsoft\WindowsApps;C:\Users\Murali\AppData\Roaming\npm;C:\Program Files\JetBrains\WebStorm 2019.3.4\bin;;;C:\Users\Murali\Downloads\SoftwaresExe\eclipse-jee-2019-12-R-win32-x86_64\eclipse;
USERNAME=Murali
OS=Windows_NT
PROCESSOR_IDENTIFIER=Intel64 Family 6 Model 142 Stepping 12, GenuineIntel



---------------  S Y S T E M  ---------------

OS: Windows 10.0 , 64 bit Build 19041 (10.0.19041.662)

CPU:total 8 (initial active 8) (4 cores per cpu, 2 threads per core) family 6 model 142 stepping 12, cmov, cx8, fxsr, mmx, sse, sse2, sse3, ssse3, sse4.1, sse4.2, popcnt, avx, avx2, aes, clmul, erms, 3dnowpref, lzcnt, ht, tsc, tscinvbit, bmi1, bmi2, adx

Memory: 4k page, physical 8265972k(1795816k free), swap 18445088k(3434272k free)

vm_info: Java HotSpot(TM) 64-Bit Server VM (25.241-b07) for windows-amd64 JRE (1.8.0_241-b07), built on Dec 11 2019 10:21:40 by "rejava" with MS VC++ 10.0 (VS2010)

time: Tue Feb 09 17:05:51 2021
timezone: India Standard Time
elapsed time: 1718 seconds (0d 0h 28m 38s)

